<?xml version="1.0" encoding="UTF-8"?>
<!-- Generated by org.testng.reporters.JUnitReportReporter -->
<testsuite hostname="ae67226a506d5df" failures="0" tests="2" name="src.com.ust.test.NewTest" time="0.010" errors="0" timestamp="2023-03-30T12:43:59 IST" skipped="0">
  <testcase classname="src.com.ust.test.NewTest" name="f" time="0.009"/>
  <system-out/>
  <testcase classname="src.com.ust.test.NewTest" name="a" time="0.001"/>
  <system-out/>
</testsuite> <!-- src.com.ust.test.NewTest -->
